-----------------------------------------------------------------------------

Input image     : /Users/poudel/jedisim/simdatabase/galaxies/f606w_gal0.fits[1:601,1:601]
Init. par. file : two_comp.gal
Restart file    : galfit.01
Output image    : imgblock.fits

 expdisk   : (  295.40,   178.25)   19.21    437.65    0.87   -14
             (   78.01,   694.02)    1.00     82.41    2.01   292.32
 devauc    : (  295.81,   306.81)   24.39     12.43   [4.00]   0.55   85
             (    0.06,     0.05)    0.01      0.39   [0.00]   0.01     0.81
 Chi^2 = 2042.85340,  ndof = 6487
 Chi^2/nu = 0.315

-----------------------------------------------------------------------------
-----------------------------------------------------------------------------

Input image     : /Users/poudel/jedisim/simdatabase/galaxies/f606w_gal1.fits[1:601,1:601]
Init. par. file : two_comp.gal
Restart file    : galfit.01
Output image    : imgblock.fits

 expdisk   : (  297.40,   174.25)   10.21    430.65    0.07   -10.12
             (   78.01,   694.02)    1.00     82.41    2.01   292.32
 devauc    : (  290.81,   300.81)   20.39     10.43   [4.00]   0.05   -80.76
             (    0.06,     0.05)    0.01      0.39   [0.00]   0.01     0.81
 Chi^2 = 2042.85340,  ndof = 6487
 Chi^2/nu = 0.315

-----------------------------------------------------------------------------
-----------------------------------------------------------------------------

Input image     : /Users/poudel/jedisim/simdatabase/galaxies/f814w_gal299.fits[1:601,1:601]
Init. par. file : expdisk.sh
Restart file    : galfit.01
Output image    : imgblock.fits

 expdisk   : (  300.71,   300.84)  *80.68*     5.80    0.57   -81.11
             (    0.00,     0.00)   *0.00*     0.00    0.00     0.00
 Chi^2 = 0.00000,  ndof = 360583
 Chi^2/nu = 0.000

-----------------------------------------------------------------------------
-----------------------------------------------------------------------------

Input image     : /Users/poudel/jedisim/simdatabase/galaxies/f606w_gal300.fits[1:601,1:601]
Init. par. file : expdisk.sh
Restart file    : galfit.01
Output image    : imgblock.fits

 expdisk   : (  300.72,   300.86)  *79.46*     3.78    0.51   -79.64
             (    0.00,     0.00)   *0.00*     0.00    0.00     0.00
 Chi^2 = 0.00000,  ndof = 360606
 Chi^2/nu = 0.000

-----------------------------------------------------------------------------
-----------------------------------------------------------------------------

Input image     : /Users/poudel/jedisim/simdatabase/galaxies/f814w_gal300.fits[1:601,1:601]
Init. par. file : expdisk.sh
Restart file    : galfit.01
Output image    : imgblock.fits

 expdisk   : (  300.74,   300.87)  *79.51*     3.59    0.51   -79.57
             (    0.00,     0.00)   *0.00*     0.00    0.00     0.00
 Chi^2 = 0.00000,  ndof = 360599
 Chi^2/nu = 0.000

-----------------------------------------------------------------------------
-----------------------------------------------------------------------------

Input image     : /Users/poudel/jedisim/simdatabase/galaxies/f606w_gal301.fits[1:601,1:601]
Init. par. file : expdisk.sh
Restart file    : galfit.01
Output image    : imgblock.fits

 expdisk   : (  300.77,   300.94)  *78.29*    11.48    0.58   -79.46
             (    0.00,     0.00)   *0.00*     0.00    0.00     0.00
 Chi^2 = 0.00000,  ndof = 359140
 Chi^2/nu = 0.000

-----------------------------------------------------------------------------
-----------------------------------------------------------------------------

Input image     : /Users/poudel/jedisim/simdatabase/galaxies/f814w_gal301.fits[1:601,1:601]
Init. par. file : expdisk.sh
Restart file    : galfit.01
Output image    : imgblock.fits

 expdisk   : (  300.73,   300.93)  *78.50*    10.02    0.60   -79.27
             (    0.00,     0.00)   *0.00*     0.00    0.00     0.00
 Chi^2 = 0.00000,  ndof = 359140
 Chi^2/nu = 0.000

-----------------------------------------------------------------------------
